<?xml version="1.0" encoding="UTF-8"?>
<testng-results ignored="0" total="1" passed="0" failed="1" skipped="0">
  <reporter-output>
  </reporter-output>
  <suite started-at="2025-05-09T12:14:54 IST" name="Default suite" finished-at="2025-05-09T12:15:28 IST" duration-ms="34085">
    <groups>
    </groups>
    <test started-at="2025-05-09T12:14:54 IST" name="Default test" finished-at="2025-05-09T12:15:28 IST" duration-ms="34085">
      <class name="org.test.TestCases.TestCaseForCardAndSearches">
        <test-method is-config="true" signature="init()[pri:0, instance:org.test.TestCases.TestCaseForCardAndSearches@6e2aa843]" started-at="2025-05-09T12:14:54 IST" name="init" finished-at="2025-05-09T12:15:20 IST" duration-ms="25183" status="PASS">
          <reporter-output>
          </reporter-output>
        </test-method> <!-- init -->
        <test-method signature="CardInTeams()[pri:0, instance:org.test.TestCases.TestCaseForCardAndSearches@6e2aa843]" started-at="2025-05-09T12:15:20 IST" name="CardInTeams" finished-at="2025-05-09T12:15:28 IST" duration-ms="8759" status="FAIL">
          <exception class="org.openqa.selenium.ElementNotInteractableException">
            <message>
              <![CDATA[element not interactable
  (Session info: chrome=136.0.7103.92)
Build info: version: '4.15.0', revision: '1d14b5521b'
System info: os.name: 'Mac OS X', os.arch: 'aarch64', os.version: '14.5', java.version: '24'
Driver info: org.openqa.selenium.chrome.ChromeDriver
Command: [eeb2a34835df00cae0620035723f67c6, sendKeysToElement {id=f.B23C83AA85D43AD4EE6D39F17EDB5BCF.d.B5869CD2D26E86BF59300777D13C9D1E.e.222, value=[Ljava.lang.CharSequence;@624a24f6}]
Capabilities {acceptInsecureCerts: false, browserName: chrome, browserVersion: 136.0.7103.92, chrome: {chromedriverVersion: 136.0.7103.92 (cb81a4cc5087..., userDataDir: /var/folders/vw/p0y1pq5s1fv...}, fedcm:accounts: true, goog:chromeOptions: {debuggerAddress: localhost:59537}, networkConnectionEnabled: false, pageLoadStrategy: normal, platformName: mac, proxy: Proxy(), se:cdp: ws://localhost:59537/devtoo..., se:cdpVersion: 136.0.7103.92, setWindowRect: true, strictFileInteractability: false, timeouts: {implicit: 0, pageLoad: 300000, script: 30000}, unhandledPromptBehavior: dismiss and notify, webauthn:extension:credBlob: true, webauthn:extension:largeBlob: true, webauthn:extension:minPinLength: true, webauthn:extension:prf: true, webauthn:virtualAuthenticators: true}
Element: [[ChromeDriver: chrome on mac (eeb2a34835df00cae0620035723f67c6)] -> xpath: (//input[@id='mat-input-5'])[1]]
Session ID: eeb2a34835df00cae0620035723f67c6]]>
            </message>
            <full-stacktrace>
              <![CDATA[org.openqa.selenium.ElementNotInteractableException: element not interactable
  (Session info: chrome=136.0.7103.92)
Build info: version: '4.15.0', revision: '1d14b5521b'
System info: os.name: 'Mac OS X', os.arch: 'aarch64', os.version: '14.5', java.version: '24'
Driver info: org.openqa.selenium.chrome.ChromeDriver
Command: [eeb2a34835df00cae0620035723f67c6, sendKeysToElement {id=f.B23C83AA85D43AD4EE6D39F17EDB5BCF.d.B5869CD2D26E86BF59300777D13C9D1E.e.222, value=[Ljava.lang.CharSequence;@624a24f6}]
Capabilities {acceptInsecureCerts: false, browserName: chrome, browserVersion: 136.0.7103.92, chrome: {chromedriverVersion: 136.0.7103.92 (cb81a4cc5087..., userDataDir: /var/folders/vw/p0y1pq5s1fv...}, fedcm:accounts: true, goog:chromeOptions: {debuggerAddress: localhost:59537}, networkConnectionEnabled: false, pageLoadStrategy: normal, platformName: mac, proxy: Proxy(), se:cdp: ws://localhost:59537/devtoo..., se:cdpVersion: 136.0.7103.92, setWindowRect: true, strictFileInteractability: false, timeouts: {implicit: 0, pageLoad: 300000, script: 30000}, unhandledPromptBehavior: dismiss and notify, webauthn:extension:credBlob: true, webauthn:extension:largeBlob: true, webauthn:extension:minPinLength: true, webauthn:extension:prf: true, webauthn:virtualAuthenticators: true}
Element: [[ChromeDriver: chrome on mac (eeb2a34835df00cae0620035723f67c6)] -> xpath: (//input[@id='mat-input-5'])[1]]
Session ID: eeb2a34835df00cae0620035723f67c6
at java.base/jdk.internal.reflect.DirectConstructorHandleAccessor.newInstance(DirectConstructorHandleAccessor.java:62)
at java.base/java.lang.reflect.Constructor.newInstanceWithCaller(Constructor.java:499)
at java.base/java.lang.reflect.Constructor.newInstance(Constructor.java:483)
at org.openqa.selenium.remote.codec.w3c.W3CHttpResponseCodec.createException(W3CHttpResponseCodec.java:200)
at org.openqa.selenium.remote.codec.w3c.W3CHttpResponseCodec.decode(W3CHttpResponseCodec.java:133)
at org.openqa.selenium.remote.codec.w3c.W3CHttpResponseCodec.decode(W3CHttpResponseCodec.java:52)
at org.openqa.selenium.remote.HttpCommandExecutor.execute(HttpCommandExecutor.java:191)
at org.openqa.selenium.remote.service.DriverCommandExecutor.invokeExecute(DriverCommandExecutor.java:200)
at org.openqa.selenium.remote.service.DriverCommandExecutor.execute(DriverCommandExecutor.java:175)
at org.openqa.selenium.remote.RemoteWebDriver.execute(RemoteWebDriver.java:607)
at org.openqa.selenium.remote.RemoteWebElement.execute(RemoteWebElement.java:224)
at org.openqa.selenium.remote.RemoteWebElement.sendKeys(RemoteWebElement.java:111)
at org.test.Pages.Teams.EditTeamMember(Teams.java:108)
at org.test.TestCases.TestCaseForCardAndSearches.CardInTeams(TestCaseForCardAndSearches.java:32)
at java.base/jdk.internal.reflect.DirectMethodHandleAccessor.invoke(DirectMethodHandleAccessor.java:104)
at java.base/java.lang.reflect.Method.invoke(Method.java:565)
at org.testng.internal.invokers.MethodInvocationHelper.invokeMethod(MethodInvocationHelper.java:141)
at org.testng.internal.invokers.TestInvoker.invokeMethod(TestInvoker.java:687)
at org.testng.internal.invokers.TestInvoker.invokeTestMethod(TestInvoker.java:230)
at org.testng.internal.invokers.MethodRunner.runInSequence(MethodRunner.java:63)
at org.testng.internal.invokers.TestInvoker$MethodInvocationAgent.invoke(TestInvoker.java:995)
at org.testng.internal.invokers.TestInvoker.invokeTestMethods(TestInvoker.java:203)
at org.testng.internal.invokers.TestMethodWorker.invokeTestMethods(TestMethodWorker.java:154)
at org.testng.internal.invokers.TestMethodWorker.run(TestMethodWorker.java:134)
at java.base/java.util.ArrayList.forEach(ArrayList.java:1604)
at org.testng.TestRunner.privateRun(TestRunner.java:741)
at org.testng.TestRunner.run(TestRunner.java:616)
at org.testng.SuiteRunner.runTest(SuiteRunner.java:421)
at org.testng.SuiteRunner.runSequentially(SuiteRunner.java:413)
at org.testng.SuiteRunner.privateRun(SuiteRunner.java:373)
at org.testng.SuiteRunner.run(SuiteRunner.java:312)
at org.testng.SuiteRunnerWorker.runSuite(SuiteRunnerWorker.java:52)
at org.testng.SuiteRunnerWorker.run(SuiteRunnerWorker.java:95)
at org.testng.TestNG.runSuitesSequentially(TestNG.java:1274)
at org.testng.TestNG.runSuitesLocally(TestNG.java:1208)
at org.testng.TestNG.runSuites(TestNG.java:1112)
at org.testng.TestNG.run(TestNG.java:1079)
at org.testng.remote.AbstractRemoteTestNG.run(AbstractRemoteTestNG.java:115)
at org.testng.remote.RemoteTestNG.initAndRun(RemoteTestNG.java:293)
at org.testng.remote.RemoteTestNG.main(RemoteTestNG.java:91)
]]>
            </full-stacktrace>
          </exception> <!-- org.openqa.selenium.ElementNotInteractableException -->
          <reporter-output>
          </reporter-output>
        </test-method> <!-- CardInTeams -->
        <test-method is-config="true" signature="browserClose()[pri:0, instance:org.test.TestCases.TestCaseForCardAndSearches@6e2aa843]" started-at="2025-05-09T12:15:28 IST" name="browserClose" finished-at="2025-05-09T12:15:28 IST" duration-ms="106" status="PASS">
          <reporter-output>
          </reporter-output>
        </test-method> <!-- browserClose -->
        <test-method is-config="true" signature="tearDownReport()[pri:0, instance:org.test.TestCases.TestCaseForCardAndSearches@6e2aa843]" started-at="2025-05-09T12:15:29 IST" name="tearDownReport" finished-at="2025-05-09T12:15:29 IST" duration-ms="110" status="PASS">
          <reporter-output>
          </reporter-output>
        </test-method> <!-- tearDownReport -->
      </class> <!-- org.test.TestCases.TestCaseForCardAndSearches -->
    </test> <!-- Default test -->
  </suite> <!-- Default suite -->
</testng-results>
