<?xml version="1.0" encoding="UTF-8"?>
<!-- Generated by org.testng.reporters.JUnitXMLReporter -->
<testsuite ignored="2" hostname="Eroute-Admins-MacBook-Air.local" failures="0" tests="3" name="test" time="117.265" errors="0" timestamp="2025-05-08T14:41:52 IST">
  <testcase classname="org.test.TestCases.TestCaseForAddMember" name="testCaseForAddMember" time="14.913"/>
  <testcase classname="org.test.TestCases.TestCaseForCardAndSearches" name="CardInTeams" time="5.229"/>
  <testcase classname="org.test.TestCases.TestCaseForMasterTeamDownload" name="compareExcelTest" time="14.872"/>
  <testcase classname="org.test.Base.Base" name="@AfterSuite tearDownReport" time="0.0">
    <ignored/>
  </testcase> <!-- @AfterSuite tearDownReport -->
  <testcase classname="org.test.Base.Base" name="@AfterSuite tearDownReport" time="0.0">
    <ignored/>
  </testcase> <!-- @AfterSuite tearDownReport -->
</testsuite> <!-- test -->
