<?xml version="1.0" encoding="UTF-8"?>
<!-- Generated by org.testng.reporters.JUnitXMLReporter -->
<testsuite ignored="2" hostname="Eroute-Admins-MacBook-Air.local" failures="2" tests="3" name="test" time="171.09" errors="0" timestamp="2025-05-14T13:57:40 IST">
  <testcase classname="org.test.TestCases.TestCaseForAddMember" name="testCaseForAddMember" time="16.494"/>
  <testcase classname="org.test.TestCases.TestCaseForCardAndSearches" name="CardInTeams" time="21.213">
    <failure type="org.openqa.selenium.TimeoutException" message="Expected condition failed: waiting for element to be clickable: By.xpath: FName (tried for 10 second(s) with 500 milliseconds interval)
Build info: version: &amp;apos;4.15.0&amp;apos;, revision: &amp;apos;1d14b5521b&amp;apos;
System info: os.name: &amp;apos;Mac OS X&amp;apos;, os.arch: &amp;apos;aarch64&amp;apos;, os.version: &amp;apos;14.5&amp;apos;, java.version: &amp;apos;24&amp;apos;
Driver info: org.openqa.selenium.chrome.ChromeDriver
Capabilities {acceptInsecureCerts: false, browserName: chrome, browserVersion: 136.0.7103.93, chrome: {chromedriverVersion: 136.0.7103.92 (cb81a4cc5087..., userDataDir: /var/folders/vw/p0y1pq5s1fv...}, fedcm:accounts: true, goog:chromeOptions: {debuggerAddress: localhost:49579}, networkConnectionEnabled: false, pageLoadStrategy: normal, platformName: mac, proxy: Proxy(), se:cdp: ws://localhost:49579/devtoo..., se:cdpVersion: 136.0.7103.93, setWindowRect: true, strictFileInteractability: false, timeouts: {implicit: 0, pageLoad: 300000, script: 30000}, unhandledPromptBehavior: dismiss and notify, webauthn:extension:credBlob: true, webauthn:extension:largeBlob: true, webauthn:extension:minPinLength: true, webauthn:extension:prf: true, webauthn:virtualAuthenticators: true}
Session ID: 85b8f0afb4d778c19d7e3072c196fddc">
      <![CDATA[org.openqa.selenium.TimeoutException: Expected condition failed: waiting for element to be clickable: By.xpath: FName (tried for 10 second(s) with 500 milliseconds interval)
Build info: version: '4.15.0', revision: '1d14b5521b'
System info: os.name: 'Mac OS X', os.arch: 'aarch64', os.version: '14.5', java.version: '24'
Driver info: org.openqa.selenium.chrome.ChromeDriver
Capabilities {acceptInsecureCerts: false, browserName: chrome, browserVersion: 136.0.7103.93, chrome: {chromedriverVersion: 136.0.7103.92 (cb81a4cc5087..., userDataDir: /var/folders/vw/p0y1pq5s1fv...}, fedcm:accounts: true, goog:chromeOptions: {debuggerAddress: localhost:49579}, networkConnectionEnabled: false, pageLoadStrategy: normal, platformName: mac, proxy: Proxy(), se:cdp: ws://localhost:49579/devtoo..., se:cdpVersion: 136.0.7103.93, setWindowRect: true, strictFileInteractability: false, timeouts: {implicit: 0, pageLoad: 300000, script: 30000}, unhandledPromptBehavior: dismiss and notify, webauthn:extension:credBlob: true, webauthn:extension:largeBlob: true, webauthn:extension:minPinLength: true, webauthn:extension:prf: true, webauthn:virtualAuthenticators: true}
Session ID: 85b8f0afb4d778c19d7e3072c196fddc
at org.openqa.selenium.support.ui.WebDriverWait.timeoutException(WebDriverWait.java:84)
at org.openqa.selenium.support.ui.FluentWait.until(FluentWait.java:229)
at org.test.Utilities.WaitUtils.waitForElementToBeClickable(WaitUtils.java:15)
at org.test.Pages.Teams.EditTeamMember(Teams.java:108)
at org.test.TestCases.TestCaseForCardAndSearches.CardInTeams(TestCaseForCardAndSearches.java:32)
at java.base/java.util.ArrayList.forEach(ArrayList.java:1604)
... Removed 25 stack frames]]>
    </failure>
  </testcase> <!-- CardInTeams -->
  <testcase classname="org.test.TestCases.TestCaseForMasterTeamDownload" name="compareExcelTest" time="14.535">
    <failure type="java.io.IOException" message="Can&amp;apos;t open workbook - unsupported file type: UNKNOWN">
      <![CDATA[java.io.IOException: Can't open workbook - unsupported file type: UNKNOWN
at org.apache.poi.ss.usermodel.WorkbookFactory.create(WorkbookFactory.java:228)
at org.apache.poi.ss.usermodel.WorkbookFactory.create(WorkbookFactory.java:185)
at org.test.Utilities.ExcelComparator.compareExcelFiles(ExcelComparator.java:21)
at org.test.TestCases.TestCaseForMasterTeamDownload.compareExcelTest(TestCaseForMasterTeamDownload.java:33)
at java.base/java.util.ArrayList.forEach(ArrayList.java:1604)
... Removed 25 stack frames]]>
    </failure>
  </testcase> <!-- compareExcelTest -->
  <testcase classname="org.test.Base.Base" name="@AfterSuite tearDownReport" time="0.0">
    <ignored/>
  </testcase> <!-- @AfterSuite tearDownReport -->
  <testcase classname="org.test.Base.Base" name="@AfterSuite tearDownReport" time="0.0">
    <ignored/>
  </testcase> <!-- @AfterSuite tearDownReport -->
</testsuite> <!-- test -->
